#
# A fatal error has been detected by the Java Runtime Environment:
#
#  SIGSEGV (0xb) at pc=0x000000011c34e58d, pid=2951, tid=2571
#
# JRE version: Java(TM) SE Runtime Environment (8.0_45-b14) (build 1.8.0_45-b14)
# Java VM: Java HotSpot(TM) 64-Bit Server VM (25.45-b02 mixed mode bsd-amd64 compressed oops)
# Problematic frame:
# C  [libglass.dylib+0x1558d]  GlassScreenDidChangeScreenParameters+0x9d
#
# Failed to write core dump. Core dumps have been disabled. To enable core dumping, try "ulimit -c unlimited" before starting Java again
#
# If you would like to submit a bug report, please visit:
#   http://bugreport.java.com/bugreport/crash.jsp
#

---------------  T H R E A D  ---------------

Current thread is native thread

siginfo: si_signo: 11 (SIGSEGV), si_code: 1 (SEGV_MAPERR), si_addr: 0x0000000000000000

Registers:
RAX=0x000000011c380bc0, RBX=0x0000000000000000, RCX=0x0000000000000103, RDX=0x00007ff232d09190
RSP=0x00007fff5c98ac60, RBP=0x00007fff5c98ac70, RSI=0x00007ff23041b9a0, RDI=0x0000000000000000
R8 =0x0000000000000040, R9 =0x00007fff7d1ed1e0, R10=0xffffffffffffffff, R11=0x0000000000000246
R12=0x00007ff2381b31f0, R13=0x00007ff2307391a0, R14=0x00007ff2307391e0, R15=0x0000000000000000
RIP=0x000000011c34e58d, EFLAGS=0x0000000000010206, ERR=0x0000000000000004
  TRAPNO=0x000000000000000e

Top of Stack: (sp=0x00007fff5c98ac60)
0x00007fff5c98ac60:   00007fff5c98acb8 00007ff2307391e0
0x00007fff5c98ac70:   00007fff5c98ac80 00007fff8ffa1a0c
0x00007fff5c98ac80:   00007fff5c98aca0 00007fff8ffa199f
0x00007fff5c98ac90:   0000000000000000 0000000000000000
0x00007fff5c98aca0:   00007fff5c98ad10 00007fff8ffa1917
0x00007fff5c98acb0:   00007fff7cce9110 00007fff7b9f70a0
0x00007fff5c98acc0:   0000000042000000 00007fff8ffa1960
0x00007fff5c98acd0:   00007fff7ba816f0 00007ff2307391a0
0x00007fff5c98ace0:   00007ff2381b31f0 00007fff5c98b4b8
0x00007fff5c98acf0:   00007fff7bbacbd0 00007fff5c98b4b8
0x00007fff5c98ad00:   00007ff2307391a0 00007fff90360955
0x00007fff5c98ad10:   00007fff5c98ad50 00007fff8ffa1682
0x00007fff5c98ad20:   00007fff5c98b330 0000000000000000
0x00007fff5c98ad30:   00007fff7bbacbd0 00007fff5c98b4b8
0x00007fff5c98ad40:   00007fff9356bd40 00007fff90360955
0x00007fff5c98ad50:   00007fff5c98b460 00007fff8ff5e442
0x00007fff5c98ad60:   000000010328fa00 0000000000000006
0x00007fff5c98ad70:   000000010328c000 00007ff230707a50
0x00007fff5c98ad80:   00007ff230809088 00007ff23072eda0
0x00007fff5c98ad90:   0000000000000000 00007ff230739240
0x00007fff5c98ada0:   0000000000000000 0000000000000000
0x00007fff5c98adb0:   00007fff7babe5b0 00007fff5c98b330
0x00007fff5c98adc0:   0000000000000001 0000000000000100
0x00007fff5c98add0:   0000000000000000 00007fff5c98b230
0x00007fff5c98ade0:   0000000000000000 0000000000000100
0x00007fff5c98adf0:   00007fff7c37a200 00007fff7bbacbd0
0x00007fff5c98ae00:   0000000000000000 00007fff7ba82490
0x00007fff5c98ae10:   00007fff7bbacbd0 0000000000000000
0x00007fff5c98ae20:   00007fff7ba82490 0000000000000008
0x00007fff5c98ae30:   00007fff5c98ae98 00007fff7c436d00
0x00007fff5c98ae40:   00007fff7c437090 00007ff232f9ad10
0x00007fff5c98ae50:   00007fff5c98ae80 00007fff935841ea 

Instructions: (pc=0x000000011c34e58d)
0x000000011c34e56d:   89 df 4c 89 f1 41 ff 90 68 04 00 00 48 8d 05 48
0x000000011c34e57d:   25 03 00 48 8b 30 48 8d 05 36 26 03 00 48 8b 10
0x000000011c34e58d:   48 8b 0b 30 c0 48 89 df ff 91 68 04 00 00 48 8b
0x000000011c34e59d:   03 48 89 df ff 50 78 48 85 c0 74 36 49 89 c6 48 

Register to memory mapping:

RAX=0x000000011c380bc0: jScreenNotifySettingsChanged+0 in /Library/Java/JavaVirtualMachines/jdk1.8.0_45.jdk/Contents/Home/jre/lib/libglass.dylib at 0x000000011c339000
RBX=0x0000000000000000 is an unknown value
RCX=0x0000000000000103 is an unknown value
RDX=0x00007ff232d09190 is an unknown value
RSP=0x00007fff5c98ac60 is an unknown value
RBP=0x00007fff5c98ac70 is an unknown value
RSI=0x00007ff23041b9a0 is a global jni handle
RDI=0x0000000000000000 is an unknown value
R8 =0x0000000000000040 is an unknown value
R9 =0x00007fff7d1ed1e0: __sFX+0x1c0 in /usr/lib/system/libsystem_c.dylib at 0x00007fff995d8000
R10=0xffffffffffffffff is an unknown value
R11=0x0000000000000246 is an unknown value
R12=0x00007ff2381b31f0 is an unknown value
R13=0x00007ff2307391a0 is an unknown value
R14=0x00007ff2307391e0 is an unknown value
R15=0x0000000000000000 is an unknown value


Stack: [0x00007fff5c18f000,0x00007fff5c98f000],  sp=0x00007fff5c98ac60,  free space=8175k
Native frames: (J=compiled Java code, j=interpreted, Vv=VM code, C=native code)
C  [libglass.dylib+0x1558d]  GlassScreenDidChangeScreenParameters+0x9d
C  [CoreFoundation+0xa0a0c]  __CFNOTIFICATIONCENTER_IS_CALLING_OUT_TO_AN_OBSERVER__+0xc
C  [CoreFoundation+0xa099f]  ___CFXRegistrationPost_block_invoke+0x3f
C  [CoreFoundation+0xa0917]  _CFXRegistrationPost+0x197
C  [CoreFoundation+0xa0682]  ___CFXNotificationPost_block_invoke+0x32
C  [CoreFoundation+0x5d442]  -[_CFXNotificationRegistrar find:object:observer:enumerator:]+0x782
C  [CoreFoundation+0x5c695]  _CFXNotificationPost+0x2b5
C  [Foundation+0x731a]  -[NSNotificationCenter postNotificationName:object:userInfo:]+0x42
C  [AppKit+0x41dbae]  -[NSApplication _reactToScreenInvalidationImmediately:]+0x17f
C  [AppKit+0x41d9ff]  __44-[NSApplication _reactToScreenInvalidation:]_block_invoke+0x3b
C  [CoreFoundation+0xaa24c]  __CFRUNLOOP_IS_CALLING_OUT_TO_A_BLOCK__+0xc
C  [CoreFoundation+0x89b65]  __CFRunLoopDoBlocks+0x155
C  [CoreFoundation+0x898cb]  __CFRunLoopRun+0x92b
C  [CoreFoundation+0x88d38]  CFRunLoopRunSpecific+0x128
C  [java+0x6490]  CreateExecutionEnvironment+0x367
C  [java+0x221c]  JLI_Launch+0x7a0
C  [java+0x84ed]  main+0x65
C  [java+0x1a74]  start+0x34


---------------  P R O C E S S  ---------------

VM state:not at safepoint (normal execution)

VM Mutex/Monitor currently owned by a thread: None

Heap:
 PSYoungGen      total 68608K, used 10439K [0x0000000795580000, 0x000000079bc00000, 0x00000007c0000000)
  eden space 61952K, 6% used [0x0000000795580000,0x00000007959a4570,0x0000000799200000)
  from space 6656K, 93% used [0x000000079b580000,0x000000079bb8d728,0x000000079bc00000)
  to   space 10752K, 0% used [0x000000079a700000,0x000000079a700000,0x000000079b180000)
 ParOldGen       total 104960K, used 19446K [0x0000000740000000, 0x0000000746680000, 0x0000000795580000)
  object space 104960K, 18% used [0x0000000740000000,0x00000007412fdba0,0x0000000746680000)
 Metaspace       used 43397K, capacity 45800K, committed 45952K, reserved 1089536K
  class space    used 5822K, capacity 6237K, committed 6272K, reserved 1048576K

Card table byte_map: [0x0000000114129000,0x000000011452a000] byte_map_base: 0x0000000110729000

Marking Bits: (ParMarkBitMap*) 0x00000001046c27a0
 Begin Bits: [0x00000001147d5000, 0x00000001167d5000)
 End Bits:   [0x00000001167d5000, 0x00000001187d5000)

Polling page: 0x0000000103566000

CodeCache: size=245760Kb used=20891Kb max_used=20894Kb free=224868Kb
 bounds [0x0000000104d69000, 0x00000001061f9000, 0x0000000113d69000]
 total_blobs=7211 nmethods=6359 adapters=762
 compilation: enabled

Compilation events (10 events):
Event: 643.313 Thread 0x00007ff23083e000 7680       1       org.apache.http.message.BasicStatusLine::getStatusCode (5 bytes)
Event: 643.313 Thread 0x00007ff23083e000 nmethod 7680 0x0000000106122a50 code [0x0000000106122ba0, 0x0000000106122cb0]
Event: 643.314 Thread 0x00007ff23083e000 7682   !   3       java.net.AbstractPlainSocketImpl::isClosedOrPending (34 bytes)
Event: 643.314 Thread 0x00007ff23083e000 nmethod 7682 0x00000001061e5b50 code [0x00000001061e5cc0, 0x00000001061e6070]
Event: 643.384 Thread 0x00007ff23083e000 7683   !   3       sun.net.www.protocol.http.HttpURLConnection::URLtoSocketPermission (142 bytes)
Event: 643.385 Thread 0x00007ff23083e000 nmethod 7683 0x00000001061e8510 code [0x00000001061e8840, 0x00000001061ea178]
Event: 643.395 Thread 0x00007ff23083e000 7684   !   3       java.io.BufferedWriter::flushBuffer (53 bytes)
Event: 643.396 Thread 0x00007ff23083e000 nmethod 7684 0x00000001061ead90 code [0x00000001061eaf40, 0x00000001061eb518]
Event: 643.429 Thread 0x00007ff23083e000 7685   !   3       java.io.BufferedReader::readLine (304 bytes)
Event: 643.430 Thread 0x00007ff23083e000 nmethod 7685 0x00000001061eb7d0 code [0x00000001061eba80, 0x00000001061ed1c8]

GC Heap History (10 events):
Event: 77.309 GC heap before
{Heap before GC invocations=6 (full 1):
 PSYoungGen      total 51712K, used 38951K [0x0000000795580000, 0x0000000798e00000, 0x00000007c0000000)
  eden space 46592K, 72% used [0x0000000795580000,0x000000079768df78,0x0000000798300000)
  from space 5120K, 99% used [0x0000000798800000,0x0000000798cfc020,0x0000000798d00000)
  to   space 5120K, 0% used [0x0000000798300000,0x0000000798300000,0x0000000798800000)
 ParOldGen       total 66560K, used 13568K [0x0000000740000000, 0x0000000744100000, 0x0000000795580000)
  object space 66560K, 20% used [0x0000000740000000,0x0000000740d40248,0x0000000744100000)
 Metaspace       used 33698K, capacity 35278K, committed 35456K, reserved 1079296K
  class space    used 4547K, capacity 4872K, committed 4992K, reserved 1048576K
Event: 77.316 GC heap after
Heap after GC invocations=6 (full 1):
 PSYoungGen      total 51712K, used 5104K [0x0000000795580000, 0x000000079aa80000, 0x00000007c0000000)
  eden space 46592K, 0% used [0x0000000795580000,0x0000000795580000,0x0000000798300000)
  from space 5120K, 99% used [0x0000000798300000,0x00000007987fc020,0x0000000798800000)
  to   space 11776K, 0% used [0x0000000799f00000,0x0000000799f00000,0x000000079aa80000)
 ParOldGen       total 66560K, used 16606K [0x0000000740000000, 0x0000000744100000, 0x0000000795580000)
  object space 66560K, 24% used [0x0000000740000000,0x00000007410378f8,0x0000000744100000)
 Metaspace       used 33698K, capacity 35278K, committed 35456K, reserved 1079296K
  class space    used 4547K, capacity 4872K, committed 4992K, reserved 1048576K
}
Event: 77.316 GC heap before
{Heap before GC invocations=7 (full 2):
 PSYoungGen      total 51712K, used 5104K [0x0000000795580000, 0x000000079aa80000, 0x00000007c0000000)
  eden space 46592K, 0% used [0x0000000795580000,0x0000000795580000,0x0000000798300000)
  from space 5120K, 99% used [0x0000000798300000,0x00000007987fc020,0x0000000798800000)
  to   space 11776K, 0% used [0x0000000799f00000,0x0000000799f00000,0x000000079aa80000)
 ParOldGen       total 66560K, used 16606K [0x0000000740000000, 0x0000000744100000, 0x0000000795580000)
  object space 66560K, 24% used [0x0000000740000000,0x00000007410378f8,0x0000000744100000)
 Metaspace       used 33698K, capacity 35278K, committed 35456K, reserved 1079296K
  class space    used 4547K, capacity 4872K, committed 4992K, reserved 1048576K
Event: 77.379 GC heap after
Heap after GC invocations=7 (full 2):
 PSYoungGen      total 51712K, used 0K [0x0000000795580000, 0x000000079aa80000, 0x00000007c0000000)
  eden space 46592K, 0% used [0x0000000795580000,0x0000000795580000,0x0000000798300000)
  from space 5120K, 0% used [0x0000000798300000,0x0000000798300000,0x0000000798800000)
  to   space 11776K, 0% used [0x0000000799f00000,0x0000000799f00000,0x000000079aa80000)
 ParOldGen       total 104960K, used 19422K [0x0000000740000000, 0x0000000746680000, 0x0000000795580000)
  object space 104960K, 18% used [0x0000000740000000,0x00000007412f7ba0,0x0000000746680000)
 Metaspace       used 33698K, capacity 35278K, committed 35456K, reserved 1079296K
  class space    used 4547K, capacity 4872K, committed 4992K, reserved 1048576K
}
Event: 161.271 GC heap before
{Heap before GC invocations=8 (full 2):
 PSYoungGen      total 51712K, used 46592K [0x0000000795580000, 0x000000079aa80000, 0x00000007c0000000)
  eden space 46592K, 100% used [0x0000000795580000,0x0000000798300000,0x0000000798300000)
  from space 5120K, 0% used [0x0000000798300000,0x0000000798300000,0x0000000798800000)
  to   space 11776K, 0% used [0x0000000799f00000,0x0000000799f00000,0x000000079aa80000)
 ParOldGen       total 104960K, used 19422K [0x0000000740000000, 0x0000000746680000, 0x0000000795580000)
  object space 104960K, 18% used [0x0000000740000000,0x00000007412f7ba0,0x0000000746680000)
 Metaspace       used 36703K, capacity 38868K, committed 38912K, reserved 1083392K
  class space    used 4960K, capacity 5347K, committed 5376K, reserved 1048576K
Event: 161.276 GC heap after
Heap after GC invocations=8 (full 2):
 PSYoungGen      total 74752K, used 2706K [0x0000000795580000, 0x000000079af80000, 0x00000007c0000000)
  eden space 62976K, 0% used [0x0000000795580000,0x0000000795580000,0x0000000799300000)
  from space 11776K, 22% used [0x0000000799f00000,0x000000079a1a49b8,0x000000079aa80000)
  to   space 12288K, 0% used [0x0000000799300000,0x0000000799300000,0x0000000799f00000)
 ParOldGen       total 104960K, used 19430K [0x0000000740000000, 0x0000000746680000, 0x0000000795580000)
  object space 104960K, 18% used [0x0000000740000000,0x00000007412f9ba0,0x0000000746680000)
 Metaspace       used 36703K, capacity 38868K, committed 38912K, reserved 1083392K
  class space    used 4960K, capacity 5347K, committed 5376K, reserved 1048576K
}
Event: 399.624 GC heap before
{Heap before GC invocations=9 (full 2):
 PSYoungGen      total 74752K, used 65682K [0x0000000795580000, 0x000000079af80000, 0x00000007c0000000)
  eden space 62976K, 100% used [0x0000000795580000,0x0000000799300000,0x0000000799300000)
  from space 11776K, 22% used [0x0000000799f00000,0x000000079a1a49b8,0x000000079aa80000)
  to   space 12288K, 0% used [0x0000000799300000,0x0000000799300000,0x0000000799f00000)
 ParOldGen       total 104960K, used 19430K [0x0000000740000000, 0x0000000746680000, 0x0000000795580000)
  object space 104960K, 18% used [0x0000000740000000,0x00000007412f9ba0,0x0000000746680000)
 Metaspace       used 40406K, capacity 42670K, committed 42752K, reserved 1085440K
  class space    used 5459K, capacity 5858K, committed 5888K, reserved 1048576K
Event: 399.634 GC heap after
Heap after GC invocations=9 (full 2):
 PSYoungGen      total 75264K, used 6657K [0x0000000795580000, 0x000000079c080000, 0x00000007c0000000)
  eden space 62976K, 0% used [0x0000000795580000,0x0000000795580000,0x0000000799300000)
  from space 12288K, 54% used [0x0000000799300000,0x0000000799980530,0x0000000799f00000)
  to   space 11264K, 0% used [0x000000079b580000,0x000000079b580000,0x000000079c080000)
 ParOldGen       total 104960K, used 19438K [0x0000000740000000, 0x0000000746680000, 0x0000000795580000)
  object space 104960K, 18% used [0x0000000740000000,0x00000007412fbba0,0x0000000746680000)
 Metaspace       used 40406K, capacity 42670K, committed 42752K, reserved 1085440K
  class space    used 5459K, capacity 5858K, committed 5888K, reserved 1048576K
}
Event: 616.846 GC heap before
{Heap before GC invocations=10 (full 2):
 PSYoungGen      total 75264K, used 69633K [0x0000000795580000, 0x000000079c080000, 0x00000007c0000000)
  eden space 62976K, 100% used [0x0000000795580000,0x0000000799300000,0x0000000799300000)
  from space 12288K, 54% used [0x0000000799300000,0x0000000799980530,0x0000000799f00000)
  to   space 11264K, 0% used [0x000000079b580000,0x000000079b580000,0x000000079c080000)
 ParOldGen       total 104960K, used 19438K [0x0000000740000000, 0x0000000746680000, 0x0000000795580000)
  object space 104960K, 18% used [0x0000000740000000,0x00000007412fbba0,0x0000000746680000)
 Metaspace       used 43318K, capacity 45710K, committed 45952K, reserved 1089536K
  class space    used 5812K, capacity 6230K, committed 6272K, reserved 1048576K
Event: 616.858 GC heap after
Heap after GC invocations=10 (full 2):
 PSYoungGen      total 68608K, used 6197K [0x0000000795580000, 0x000000079bc00000, 0x00000007c0000000)
  eden space 61952K, 0% used [0x0000000795580000,0x0000000795580000,0x0000000799200000)
  from space 6656K, 93% used [0x000000079b580000,0x000000079bb8d728,0x000000079bc00000)
  to   space 10752K, 0% used [0x000000079a700000,0x000000079a700000,0x000000079b180000)
 ParOldGen       total 104960K, used 19446K [0x0000000740000000, 0x0000000746680000, 0x0000000795580000)
  object space 104960K, 18% used [0x0000000740000000,0x00000007412fdba0,0x0000000746680000)
 Metaspace       used 43318K, capacity 45710K, committed 45952K, reserved 1089536K
  class space    used 5812K, capacity 6230K, committed 6272K, reserved 1048576K
}

Deoptimization events (10 events):
Event: 399.759 Thread 0x00007ff2323bf000 Uncommon trap: reason=unstable_if action=reinterpret pc=0x0000000105b27ab0 method=java.util.concurrent.locks.ReentrantLock$NonfairSync.lock()V @ 6
Event: 399.759 Thread 0x00007ff2323bf000 Uncommon trap: reason=unstable_if action=reinterpret pc=0x0000000104e76b6c method=java.util.concurrent.locks.ReentrantLock$Sync.tryRelease(I)Z @ 28
Event: 399.775 Thread 0x00007ff230bce000 Uncommon trap: reason=unstable_if action=reinterpret pc=0x0000000104e77524 method=java.util.concurrent.locks.ReentrantLock$Sync.tryRelease(I)Z @ 28
Event: 399.792 Thread 0x00007ff23187a800 Uncommon trap: reason=unstable_if action=reinterpret pc=0x0000000105e737fc method=javafx.scene.layout.Region.computeChildMinAreaHeight(Ljavafx/scene/Node;DLjavafx/geometry/Insets;D)D @ 57
Event: 408.839 Thread 0x00007ff23187a800 Uncommon trap: reason=unstable_if action=reinterpret pc=0x000000010605eea8 method=javafx.scene.CssStyleHelper.transitionToState(Ljavafx/scene/Node;)V @ 684
Event: 487.129 Thread 0x00007ff23187a800 Uncommon trap: reason=unstable_if action=reinterpret pc=0x00000001056b3ec0 method=javafx.scene.Node.focusSetDirty(Ljavafx/scene/Scene;)V @ 9
Event: 491.910 Thread 0x00007ff23187a800 Uncommon trap: reason=unstable_if action=reinterpret pc=0x0000000105b0e180 method=com.sun.javafx.text.PrismTextLayout.initCache()V @ 163
Event: 491.910 Thread 0x00007ff23187a800 Uncommon trap: reason=unstable_if action=reinterpret pc=0x00000001060b1be8 method=com.sun.javafx.text.PrismTextLayout.initCache()V @ 163
Event: 620.185 Thread 0x00007ff231879800 Uncommon trap: reason=unstable_if action=reinterpret pc=0x000000010582f2e0 method=java.util.concurrent.locks.AbstractQueuedSynchronizer$ConditionObject.checkInterruptWhileWaiting(Ljava/util/concurrent/locks/AbstractQueuedSynchronizer$Node;)I @ 3
Event: 627.750 Thread 0x00007ff231428800 Uncommon trap: reason=predicate action=maybe_recompile pc=0x0000000106120214 method=java.util.AbstractCollection.toArray([Ljava/lang/Object;)[Ljava/lang/Object; @ 49

Internal exceptions (10 events):
Event: 586.718 Thread 0x00007ff231428800 Exception <a 'java/io/FileNotFoundException'> (0x0000000798b06468) thrown at [/Users/java_re/workspace/8-2-build-macosx-x86_64/jdk8u45/3457/hotspot/src/share/vm/prims/jni.cpp, line 709]
Event: 586.795 Thread 0x00007ff231428800 Exception <a 'java/net/SocketTimeoutException': Read timed out> (0x0000000798f618a0) thrown at [/Users/java_re/workspace/8-2-build-macosx-x86_64/jdk8u45/3457/hotspot/src/share/vm/prims/jni.cpp, line 735]
Event: 586.827 Thread 0x00007ff231428800 Exception <a 'java/net/SocketTimeoutException': Read timed out> (0x0000000798f70388) thrown at [/Users/java_re/workspace/8-2-build-macosx-x86_64/jdk8u45/3457/hotspot/src/share/vm/prims/jni.cpp, line 735]
Event: 620.161 Thread 0x00007ff232422800 Exception <a 'java/lang/InterruptedException': sleep interrupted> (0x00000007956d27f8) thrown at [/Users/java_re/workspace/8-2-build-macosx-x86_64/jdk8u45/3457/hotspot/src/share/vm/prims/jvm.cpp, line 3211]
Event: 620.170 Thread 0x00007ff232419800 Exception <a 'java/lang/InterruptedException'> (0x00000007956c3ff0) thrown at [/Users/java_re/workspace/8-2-build-macosx-x86_64/jdk8u45/3457/hotspot/src/share/vm/runtime/objectMonitor.cpp, line 1683]
Event: 620.170 Thread 0x00007ff230b68800 Exception <a 'java/lang/InterruptedException'> (0x00000007956bcc20) thrown at [/Users/java_re/workspace/8-2-build-macosx-x86_64/jdk8u45/3457/hotspot/src/share/vm/runtime/objectMonitor.cpp, line 1683]
Event: 620.170 Thread 0x00007ff230c6f000 Exception <a 'java/lang/InterruptedException'> (0x00000007956f7080) thrown at [/Users/java_re/workspace/8-2-build-macosx-x86_64/jdk8u45/3457/hotspot/src/share/vm/runtime/objectMonitor.cpp, line 1683]
Event: 643.309 Thread 0x00007ff231428800 Exception <a 'java/net/SocketTimeoutException': Read timed out> (0x0000000795919da8) thrown at [/Users/java_re/workspace/8-2-build-macosx-x86_64/jdk8u45/3457/hotspot/src/share/vm/prims/jni.cpp, line 735]
Event: 643.311 Thread 0x00007ff231428800 Exception <a 'java/net/SocketTimeoutException': Read timed out> (0x000000079591a1b8) thrown at [/Users/java_re/workspace/8-2-build-macosx-x86_64/jdk8u45/3457/hotspot/src/share/vm/prims/jni.cpp, line 735]
Event: 643.422 Thread 0x00007ff23649c000 Exception <a 'java/net/ConnectException'> (0x00000007959666e8) thrown at [/Users/java_re/workspace/8-2-build-macosx-x86_64/jdk8u45/3457/hotspot/src/share/vm/prims/jni.cpp, line 709]

Events (10 events):
Event: 643.428 loading class java/io/LineNumberReader done
Event: 643.428 Executing VM operation: Deoptimize
Event: 643.429 Executing VM operation: Deoptimize done
Event: 643.430 Thread 0x00007ff23083e000 flushing nmethod 0x0000000104e74fd0
Event: 643.430 Thread 0x00007ff23083e000 flushing nmethod 0x0000000104e76450
Event: 643.439 Thread 0x00007ff231428800 Thread exited: 0x00007ff231428800
Event: 648.308 Executing VM operation: RevokeBias
Event: 648.308 Executing VM operation: RevokeBias done
Event: 648.308 Executing VM operation: RevokeBias
Event: 648.308 Executing VM operation: RevokeBias done


Dynamic libraries:
0x000000000aff7000 	/System/Library/Frameworks/Cocoa.framework/Versions/A/Cocoa
0x000000000aff7000 	/System/Library/Frameworks/Security.framework/Versions/A/Security
0x000000000aff7000 	/System/Library/Frameworks/ApplicationServices.framework/Versions/A/ApplicationServices
0x000000000aff7000 	/usr/lib/libz.1.dylib
0x000000000aff7000 	/usr/lib/libSystem.B.dylib
0x000000000aff7000 	/usr/lib/libobjc.A.dylib
0x000000000aff7000 	/System/Library/Frameworks/CoreFoundation.framework/Versions/A/CoreFoundation
0x000000000aff7000 	/System/Library/Frameworks/Foundation.framework/Versions/C/Foundation
0x000000000aff7000 	/System/Library/Frameworks/AppKit.framework/Versions/C/AppKit
0x000000000aff7000 	/System/Library/Frameworks/CoreData.framework/Versions/A/CoreData
0x000000000aff7000 	/System/Library/PrivateFrameworks/RemoteViewServices.framework/Versions/A/RemoteViewServices
0x000000000aff7000 	/System/Library/PrivateFrameworks/UIFoundation.framework/Versions/A/UIFoundation
0x000000000aff7000 	/usr/lib/libScreenReader.dylib
0x000000000aff7000 	/System/Library/Frameworks/Accelerate.framework/Versions/A/Accelerate
0x000000000aff7000 	/System/Library/Frameworks/IOSurface.framework/Versions/A/IOSurface
0x000000000aff7000 	/System/Library/Frameworks/AudioToolbox.framework/Versions/A/AudioToolbox
0x000000000aff7000 	/System/Library/Frameworks/AudioUnit.framework/Versions/A/AudioUnit
0x000000000aff7000 	/System/Library/PrivateFrameworks/DataDetectorsCore.framework/Versions/A/DataDetectorsCore
0x000000000aff7000 	/System/Library/PrivateFrameworks/DesktopServicesPriv.framework/Versions/A/DesktopServicesPriv
0x000000000aff7000 	/System/Library/Frameworks/Carbon.framework/Versions/A/Frameworks/HIToolbox.framework/Versions/A/HIToolbox
0x000000000aff7000 	/System/Library/Frameworks/QuartzCore.framework/Versions/A/QuartzCore
0x000000000aff7000 	/System/Library/Frameworks/Carbon.framework/Versions/A/Frameworks/SpeechRecognition.framework/Versions/A/SpeechRecognition
0x000000000aff7000 	/usr/lib/libauto.dylib
0x000000000aff7000 	/usr/lib/libicucore.A.dylib
0x000000000aff7000 	/usr/lib/libxml2.2.dylib
0x000000000aff7000 	/System/Library/PrivateFrameworks/CoreUI.framework/Versions/A/CoreUI
0x000000000aff7000 	/System/Library/Frameworks/CoreAudio.framework/Versions/A/CoreAudio
0x000000000aff7000 	/System/Library/Frameworks/DiskArbitration.framework/Versions/A/DiskArbitration
0x000000000aff7000 	/usr/lib/liblangid.dylib
0x000000000aff7000 	/System/Library/PrivateFrameworks/MultitouchSupport.framework/Versions/A/MultitouchSupport
0x000000000aff7000 	/System/Library/Frameworks/IOKit.framework/Versions/A/IOKit
0x000000000aff7000 	/usr/lib/libDiagnosticMessagesClient.dylib
0x000000000aff7000 	/System/Library/Frameworks/CoreServices.framework/Versions/A/CoreServices
0x000000000aff7000 	/System/Library/PrivateFrameworks/PerformanceAnalysis.framework/Versions/A/PerformanceAnalysis
0x000000000aff7000 	/System/Library/PrivateFrameworks/GenerationalStorage.framework/Versions/A/GenerationalStorage
0x000000000aff7000 	/System/Library/Frameworks/OpenGL.framework/Versions/A/OpenGL
0x000000000aff7000 	/System/Library/PrivateFrameworks/Sharing.framework/Versions/A/Sharing
0x000000000aff7000 	/System/Library/Frameworks/CoreGraphics.framework/Versions/A/CoreGraphics
0x000000000aff7000 	/System/Library/Frameworks/CoreImage.framework/Versions/A/CoreImage
0x000000000aff7000 	/System/Library/Frameworks/CoreText.framework/Versions/A/CoreText
0x000000000aff7000 	/System/Library/Frameworks/ImageIO.framework/Versions/A/ImageIO
0x000000000aff7000 	/System/Library/PrivateFrameworks/Backup.framework/Versions/A/Backup
0x000000000aff7000 	/usr/lib/libextension.dylib
0x000000000aff7000 	/usr/lib/libarchive.2.dylib
0x000000000aff7000 	/System/Library/Frameworks/CFNetwork.framework/Versions/A/CFNetwork
0x000000000aff7000 	/System/Library/Frameworks/SystemConfiguration.framework/Versions/A/SystemConfiguration
0x000000000aff7000 	/usr/lib/libCRFSuite.dylib
0x000000000aff7000 	/usr/lib/libc++.1.dylib
0x000000000aff7000 	/usr/lib/libc++abi.dylib
0x000000000aff7000 	/usr/lib/system/libcache.dylib
0x000000000aff7000 	/usr/lib/system/libcommonCrypto.dylib
0x000000000aff7000 	/usr/lib/system/libcompiler_rt.dylib
0x000000000aff7000 	/usr/lib/system/libcopyfile.dylib
0x000000000aff7000 	/usr/lib/system/libcorecrypto.dylib
0x000000000aff7000 	/usr/lib/system/libdispatch.dylib
0x000000000aff7000 	/usr/lib/system/libdyld.dylib
0x000000000aff7000 	/usr/lib/system/libkeymgr.dylib
0x000000000aff7000 	/usr/lib/system/liblaunch.dylib
0x000000000aff7000 	/usr/lib/system/libmacho.dylib
0x000000000aff7000 	/usr/lib/system/libquarantine.dylib
0x000000000aff7000 	/usr/lib/system/libremovefile.dylib
0x000000000aff7000 	/usr/lib/system/libsystem_asl.dylib
0x000000000aff7000 	/usr/lib/system/libsystem_blocks.dylib
0x000000000aff7000 	/usr/lib/system/libsystem_c.dylib
0x000000000aff7000 	/usr/lib/system/libsystem_configuration.dylib
0x000000000aff7000 	/usr/lib/system/libsystem_coreservices.dylib
0x000000000aff7000 	/usr/lib/system/libsystem_coretls.dylib
0x000000000aff7000 	/usr/lib/system/libsystem_dnssd.dylib
0x000000000aff7000 	/usr/lib/system/libsystem_info.dylib
0x000000000aff7000 	/usr/lib/system/libsystem_kernel.dylib
0x000000000aff7000 	/usr/lib/system/libsystem_m.dylib
0x000000000aff7000 	/usr/lib/system/libsystem_malloc.dylib
0x000000000aff7000 	/usr/lib/system/libsystem_network.dylib
0x000000000aff7000 	/usr/lib/system/libsystem_networkextension.dylib
0x000000000aff7000 	/usr/lib/system/libsystem_notify.dylib
0x000000000aff7000 	/usr/lib/system/libsystem_platform.dylib
0x000000000aff7000 	/usr/lib/system/libsystem_pthread.dylib
0x000000000aff7000 	/usr/lib/system/libsystem_sandbox.dylib
0x000000000aff7000 	/usr/lib/system/libsystem_secinit.dylib
0x000000000aff7000 	/usr/lib/system/libsystem_trace.dylib
0x000000000aff7000 	/usr/lib/system/libunc.dylib
0x000000000aff7000 	/usr/lib/system/libunwind.dylib
0x000000000aff7000 	/usr/lib/system/libxpc.dylib
0x000000000aff7000 	/usr/lib/libenergytrace.dylib
0x000000000aff7000 	/usr/lib/libbsm.0.dylib
0x000000000aff7000 	/usr/lib/system/libkxld.dylib
0x000000000aff7000 	/usr/lib/libxar.1.dylib
0x000000000aff7000 	/usr/lib/libsqlite3.dylib
0x000000000aff7000 	/usr/lib/libpam.2.dylib
0x000000000aff7000 	/usr/lib/libOpenScriptingUtil.dylib
0x000000000aff7000 	/usr/lib/libbz2.1.0.dylib
0x000000000aff7000 	/usr/lib/liblzma.5.dylib
0x000000000aff7000 	/System/Library/Frameworks/CoreServices.framework/Versions/A/Frameworks/FSEvents.framework/Versions/A/FSEvents
0x000000000aff7000 	/System/Library/Frameworks/CoreServices.framework/Versions/A/Frameworks/CarbonCore.framework/Versions/A/CarbonCore
0x000000000aff7000 	/System/Library/Frameworks/CoreServices.framework/Versions/A/Frameworks/Metadata.framework/Versions/A/Metadata
0x000000000aff7000 	/System/Library/Frameworks/CoreServices.framework/Versions/A/Frameworks/OSServices.framework/Versions/A/OSServices
0x000000000aff7000 	/System/Library/Frameworks/CoreServices.framework/Versions/A/Frameworks/SearchKit.framework/Versions/A/SearchKit
0x000000000aff7000 	/System/Library/Frameworks/CoreServices.framework/Versions/A/Frameworks/AE.framework/Versions/A/AE
0x000000000aff7000 	/System/Library/Frameworks/CoreServices.framework/Versions/A/Frameworks/LaunchServices.framework/Versions/A/LaunchServices
0x000000000aff7000 	/System/Library/Frameworks/CoreServices.framework/Versions/A/Frameworks/DictionaryServices.framework/Versions/A/DictionaryServices
0x000000000aff7000 	/System/Library/Frameworks/CoreServices.framework/Versions/A/Frameworks/SharedFileList.framework/Versions/A/SharedFileList
0x000000000aff7000 	/System/Library/Frameworks/NetFS.framework/Versions/A/NetFS
0x000000000aff7000 	/System/Library/PrivateFrameworks/NetAuth.framework/Versions/A/NetAuth
0x000000000aff7000 	/System/Library/PrivateFrameworks/login.framework/Versions/A/Frameworks/loginsupport.framework/Versions/A/loginsupport
0x000000000aff7000 	/System/Library/PrivateFrameworks/TCC.framework/Versions/A/TCC
0x000000000aff7000 	/usr/lib/libmecabra.dylib
0x000000000aff7000 	/System/Library/Frameworks/ApplicationServices.framework/Versions/A/Frameworks/ATS.framework/Versions/A/ATS
0x000000000aff7000 	/System/Library/Frameworks/ApplicationServices.framework/Versions/A/Frameworks/ColorSync.framework/Versions/A/ColorSync
0x000000000aff7000 	/System/Library/Frameworks/ApplicationServices.framework/Versions/A/Frameworks/HIServices.framework/Versions/A/HIServices
0x000000000aff7000 	/System/Library/Frameworks/ApplicationServices.framework/Versions/A/Frameworks/LangAnalysis.framework/Versions/A/LangAnalysis
0x000000000aff7000 	/System/Library/Frameworks/ApplicationServices.framework/Versions/A/Frameworks/PrintCore.framework/Versions/A/PrintCore
0x000000000aff7000 	/System/Library/Frameworks/ApplicationServices.framework/Versions/A/Frameworks/QD.framework/Versions/A/QD
0x000000000aff7000 	/System/Library/Frameworks/ApplicationServices.framework/Versions/A/Frameworks/SpeechSynthesis.framework/Versions/A/SpeechSynthesis
0x000000000aff7000 	/System/Library/Frameworks/Metal.framework/Versions/A/Metal
0x000000000aff7000 	/System/Library/Frameworks/Accelerate.framework/Versions/A/Frameworks/vImage.framework/Versions/A/vImage
0x000000000aff7000 	/System/Library/Frameworks/Accelerate.framework/Versions/A/Frameworks/vecLib.framework/Versions/A/vecLib
0x000000000aff7000 	/System/Library/Frameworks/Accelerate.framework/Versions/A/Frameworks/vecLib.framework/Versions/A/libvDSP.dylib
0x000000000aff7000 	/System/Library/Frameworks/Accelerate.framework/Versions/A/Frameworks/vecLib.framework/Versions/A/libvMisc.dylib
0x000000000aff7000 	/System/Library/Frameworks/Accelerate.framework/Versions/A/Frameworks/vecLib.framework/Versions/A/libLAPACK.dylib
0x000000000aff7000 	/System/Library/Frameworks/Accelerate.framework/Versions/A/Frameworks/vecLib.framework/Versions/A/libBLAS.dylib
0x000000000aff7000 	/System/Library/Frameworks/Accelerate.framework/Versions/A/Frameworks/vecLib.framework/Versions/A/libLinearAlgebra.dylib
0x000000000aff7000 	/System/Library/Frameworks/Accelerate.framework/Versions/A/Frameworks/vecLib.framework/Versions/A/libSparseBLAS.dylib
0x000000000aff7000 	/System/Library/PrivateFrameworks/GPUCompiler.framework/libmetal_timestamp.dylib
0x000000000aff7000 	/System/Library/Frameworks/OpenGL.framework/Versions/A/Libraries/libCoreFSCache.dylib
0x000000000aff7000 	/System/Library/PrivateFrameworks/IOAccelerator.framework/Versions/A/IOAccelerator
0x000000000aff7000 	/System/Library/Frameworks/ApplicationServices.framework/Versions/A/Frameworks/ATS.framework/Versions/A/Resources/libFontParser.dylib
0x000000000aff7000 	/System/Library/Frameworks/ApplicationServices.framework/Versions/A/Frameworks/ATS.framework/Versions/A/Resources/libFontRegistry.dylib
0x000000000aff7000 	/System/Library/PrivateFrameworks/AppleVPA.framework/Versions/A/AppleVPA
0x000000000aff7000 	/System/Library/PrivateFrameworks/AppleJPEG.framework/Versions/A/AppleJPEG
0x000000000aff7000 	/System/Library/Frameworks/ImageIO.framework/Versions/A/Resources/libJPEG.dylib
0x000000000aff7000 	/System/Library/Frameworks/ImageIO.framework/Versions/A/Resources/libTIFF.dylib
0x000000000aff7000 	/System/Library/Frameworks/ImageIO.framework/Versions/A/Resources/libPng.dylib
0x000000000aff7000 	/System/Library/Frameworks/ImageIO.framework/Versions/A/Resources/libGIF.dylib
0x000000000aff7000 	/System/Library/Frameworks/ImageIO.framework/Versions/A/Resources/libJP2.dylib
0x000000000aff7000 	/System/Library/Frameworks/ImageIO.framework/Versions/A/Resources/libRadiance.dylib
0x000000000aff7000 	/System/Library/Frameworks/CoreVideo.framework/Versions/A/CoreVideo
0x000000000aff7000 	/System/Library/Frameworks/OpenGL.framework/Versions/A/Libraries/libGLU.dylib
0x000000000aff7000 	/System/Library/Frameworks/OpenGL.framework/Versions/A/Libraries/libGFXShared.dylib
0x000000000aff7000 	/System/Library/Frameworks/OpenGL.framework/Versions/A/Libraries/libGL.dylib
0x000000000aff7000 	/System/Library/Frameworks/OpenGL.framework/Versions/A/Libraries/libGLImage.dylib
0x000000000aff7000 	/System/Library/Frameworks/OpenGL.framework/Versions/A/Libraries/libCVMSPluginSupport.dylib
0x000000000aff7000 	/System/Library/Frameworks/OpenGL.framework/Versions/A/Libraries/libCoreVMClient.dylib
0x000000000aff7000 	/usr/lib/libcups.2.dylib
0x000000000aff7000 	/System/Library/Frameworks/Kerberos.framework/Versions/A/Kerberos
0x000000000aff7000 	/System/Library/Frameworks/GSS.framework/Versions/A/GSS
0x000000000aff7000 	/usr/lib/libresolv.9.dylib
0x000000000aff7000 	/usr/lib/libiconv.2.dylib
0x000000000aff7000 	/System/Library/PrivateFrameworks/Heimdal.framework/Versions/A/Heimdal
0x000000000aff7000 	/usr/lib/libheimdal-asn1.dylib
0x000000000aff7000 	/System/Library/Frameworks/OpenDirectory.framework/Versions/A/OpenDirectory
0x000000000aff7000 	/System/Library/PrivateFrameworks/CommonAuth.framework/Versions/A/CommonAuth
0x000000000aff7000 	/System/Library/Frameworks/OpenDirectory.framework/Versions/A/Frameworks/CFOpenDirectory.framework/Versions/A/CFOpenDirectory
0x000000000aff7000 	/System/Library/Frameworks/SecurityFoundation.framework/Versions/A/SecurityFoundation
0x000000000aff7000 	/System/Library/PrivateFrameworks/LanguageModeling.framework/Versions/A/LanguageModeling
0x000000000aff7000 	/usr/lib/libmarisa.dylib
0x000000000aff7000 	/usr/lib/libChineseTokenizer.dylib
0x000000000aff7000 	/usr/lib/libcmph.dylib
0x000000000aff7000 	/usr/lib/libcompression.dylib
0x000000000aff7000 	/System/Library/Frameworks/ServiceManagement.framework/Versions/A/ServiceManagement
0x000000000aff7000 	/usr/lib/libxslt.1.dylib
0x000000000aff7000 	/System/Library/Frameworks/Carbon.framework/Versions/A/Frameworks/Ink.framework/Versions/A/Ink
0x000000000aff7000 	/usr/lib/libFosl_dynamic.dylib
0x000000000aff7000 	/System/Library/PrivateFrameworks/FaceCore.framework/Versions/A/FaceCore
0x000000000aff7000 	/System/Library/Frameworks/OpenCL.framework/Versions/A/OpenCL
0x000000000aff7000 	/System/Library/PrivateFrameworks/CrashReporterSupport.framework/Versions/A/CrashReporterSupport
0x000000000aff7000 	/System/Library/PrivateFrameworks/IconServices.framework/Versions/A/IconServices
0x000000000aff7000 	/System/Library/PrivateFrameworks/Apple80211.framework/Versions/A/Apple80211
0x000000000aff7000 	/System/Library/Frameworks/CoreWLAN.framework/Versions/A/CoreWLAN
0x000000000aff7000 	/System/Library/Frameworks/IOBluetooth.framework/Versions/A/IOBluetooth
0x000000000aff7000 	/System/Library/PrivateFrameworks/CoreWiFi.framework/Versions/A/CoreWiFi
0x000000000aff7000 	/System/Library/Frameworks/CoreBluetooth.framework/Versions/A/CoreBluetooth
0x000000000aff7000 	/System/Library/PrivateFrameworks/ChunkingLibrary.framework/Versions/A/ChunkingLibrary
0x000000000aff7000 	/System/Library/PrivateFrameworks/DebugSymbols.framework/Versions/A/DebugSymbols
0x000000000aff7000 	/System/Library/PrivateFrameworks/CoreSymbolication.framework/Versions/A/CoreSymbolication
0x000000000aff7000 	/System/Library/PrivateFrameworks/Symbolication.framework/Versions/A/Symbolication
0x000000000aff7000 	/System/Library/PrivateFrameworks/SpeechRecognitionCore.framework/Versions/A/SpeechRecognitionCore
0x0000000103e00000 	/Library/Java/JavaVirtualMachines/jdk1.8.0_45.jdk/Contents/Home/jre/lib/server/libjvm.dylib
0x000000000aff7000 	/usr/lib/libstdc++.6.dylib
0x0000000103523000 	/Library/Java/JavaVirtualMachines/jdk1.8.0_45.jdk/Contents/Home/jre/lib/libverify.dylib
0x0000000103531000 	/Library/Java/JavaVirtualMachines/jdk1.8.0_45.jdk/Contents/Home/jre/lib/libjava.dylib
0x0000000103570000 	/Library/Java/JavaVirtualMachines/jdk1.8.0_45.jdk/Contents/Home/jre/lib/libzip.dylib
0x000000011a620000 	/System/Library/Frameworks/JavaVM.framework/Frameworks/JavaRuntimeSupport.framework/JavaRuntimeSupport
0x000000011a63b000 	/System/Library/Frameworks/JavaVM.framework/Versions/A/Frameworks/JavaNativeFoundation.framework/Versions/A/JavaNativeFoundation
0x000000011a650000 	/System/Library/Frameworks/JavaVM.framework/Versions/A/JavaVM
0x000000000aff7000 	/System/Library/Frameworks/Carbon.framework/Versions/A/Carbon
0x000000011a65d000 	/System/Library/PrivateFrameworks/JavaLaunching.framework/Versions/A/JavaLaunching
0x000000000aff7000 	/System/Library/Frameworks/Carbon.framework/Versions/A/Frameworks/CommonPanels.framework/Versions/A/CommonPanels
0x000000000aff7000 	/System/Library/Frameworks/Carbon.framework/Versions/A/Frameworks/Help.framework/Versions/A/Help
0x000000000aff7000 	/System/Library/Frameworks/Carbon.framework/Versions/A/Frameworks/ImageCapture.framework/Versions/A/ImageCapture
0x000000000aff7000 	/System/Library/Frameworks/Carbon.framework/Versions/A/Frameworks/OpenScripting.framework/Versions/A/OpenScripting
0x000000000aff7000 	/System/Library/Frameworks/Carbon.framework/Versions/A/Frameworks/Print.framework/Versions/A/Print
0x000000000aff7000 	/System/Library/Frameworks/Carbon.framework/Versions/A/Frameworks/SecurityHI.framework/Versions/A/SecurityHI
0x000000011c04d000 	/Library/Java/JavaVirtualMachines/jdk1.8.0_45.jdk/Contents/Home/jre/lib/libprism_es2.dylib
0x000000000aff7000 	/System/Library/Frameworks/OpenGL.framework/Versions/A/Resources/GLEngine.bundle/GLEngine
0x000000000aff7000 	/System/Library/Frameworks/OpenGL.framework/Versions/A/Libraries/libGLProgrammability.dylib
0x0000000000000000 	/System/Library/Extensions/GeForceGLDriver.bundle/Contents/MacOS/GeForceGLDriver
0x000000000aff7000 	/System/Library/Extensions/GeForceGLDriver.bundle/Contents/MacOS/libclh.dylib
0x000000000aff7000 	/System/Library/PrivateFrameworks/GPUSupport.framework/Versions/A/Libraries/libGPUSupportMercury.dylib
0x000000000aff7000 	/System/Library/Frameworks/OpenGL.framework/Versions/A/Resources/GLRendererFloat.bundle/GLRendererFloat
0x000000000aff7000 	/System/Library/Frameworks/OpenCL.framework/Versions/A/Libraries/libcldcpuengine.dylib
0x000000000aff7000 	/System/Library/PrivateFrameworks/DiskImages.framework/Versions/A/DiskImages
0x000000000aff7000 	/System/Library/Frameworks/DiscRecording.framework/Versions/A/DiscRecording
0x000000000aff7000 	/usr/lib/libcsfde.dylib
0x000000000aff7000 	/usr/lib/libcurl.4.dylib
0x000000000aff7000 	/System/Library/PrivateFrameworks/MediaKit.framework/Versions/A/MediaKit
0x000000000aff7000 	/System/Library/PrivateFrameworks/ProtectedCloudStorage.framework/Versions/A/ProtectedCloudStorage
0x000000000aff7000 	/usr/lib/libCoreStorage.dylib
0x000000000aff7000 	/System/Library/PrivateFrameworks/EFILogin.framework/Versions/A/EFILogin
0x000000000aff7000 	/usr/lib/libutil.dylib
0x000000000aff7000 	/System/Library/PrivateFrameworks/FindMyDevice.framework/Versions/A/FindMyDevice
0x000000000aff7000 	/System/Library/Frameworks/LDAP.framework/Versions/A/LDAP
0x000000000aff7000 	/usr/lib/libsasl2.2.dylib
0x000000000aff7000 	/System/Library/PrivateFrameworks/CoreDaemon.framework/Versions/B/CoreDaemon
0x000000000aff7000 	/usr/lib/libcrypto.0.9.8.dylib
0x000000000aff7000 	/System/Library/PrivateFrameworks/AppleSRP.framework/Versions/A/AppleSRP
0x000000000aff7000 	/System/Library/PrivateFrameworks/TrustEvaluationAgent.framework/Versions/A/TrustEvaluationAgent
0x000000011c339000 	/Library/Java/JavaVirtualMachines/jdk1.8.0_45.jdk/Contents/Home/jre/lib/libglass.dylib
0x000000000aff7000 	/System/Library/PrivateFrameworks/CoreServicesInternal.framework/Versions/A/CoreServicesInternal
0x000000000aff7000 	/System/Library/CoreServices/RawCamera.bundle/Contents/MacOS/RawCamera
0x000000000aff7000 	/System/Library/Frameworks/CoreGraphics.framework/Versions/A/Resources/libRIP.A.dylib
0x000000000aff7000 	/System/Library/Frameworks/Accelerate.framework/Versions/A/Frameworks/vImage.framework/Versions/A/Libraries/libCGInterfaces.dylib
0x000000000aff7000 	/System/Library/PrivateFrameworks/FamilyControls.framework/Versions/A/FamilyControls
0x000000000aff7000 	/System/Library/PrivateFrameworks/CommerceKit.framework/Versions/A/Frameworks/CommerceCore.framework/Versions/A/CommerceCore
0x000000000aff7000 	/System/Library/PrivateFrameworks/SystemAdministration.framework/Versions/A/SystemAdministration
0x000000000aff7000 	/System/Library/PrivateFrameworks/AppContainer.framework/Versions/A/AppContainer
0x000000000aff7000 	/System/Library/PrivateFrameworks/SecCodeWrapper.framework/Versions/A/SecCodeWrapper
0x000000000aff7000 	/System/Library/Frameworks/DirectoryService.framework/Versions/A/DirectoryService
0x000000000aff7000 	/System/Library/PrivateFrameworks/LoginUIKit.framework/Versions/A/Frameworks/LoginUICore.framework/Versions/A/LoginUICore
0x000000000aff7000 	/usr/lib/libodfde.dylib
0x000000011f3cd000 	/Library/Java/JavaVirtualMachines/jdk1.8.0_45.jdk/Contents/Home/jre/lib/libjavafx_font.dylib
0x000000000aff7000 	/System/Library/Frameworks/CoreGraphics.framework/Versions/A/Resources/libCGXType.A.dylib
0x0000000120cd8000 	/Library/Java/JavaVirtualMachines/jdk1.8.0_45.jdk/Contents/Home/jre/lib/libsunec.dylib
0x0000000120d00000 	/Library/Java/JavaVirtualMachines/jdk1.8.0_45.jdk/Contents/Home/jre/lib/libnio.dylib
0x0000000120d10000 	/Library/Java/JavaVirtualMachines/jdk1.8.0_45.jdk/Contents/Home/jre/lib/./libnet.dylib
0x000000011c0d2000 	/Library/Java/JavaVirtualMachines/jdk1.8.0_45.jdk/Contents/Home/jre/lib/libmanagement.dylib
0x00000001205f3000 	cl_kernels
0x000000000aff7000 	/System/Library/Frameworks/OpenCL.framework/Versions/A/Libraries/ImageFormats/unorm8_bgra.dylib
0x000000000aff7000 	/System/Library/Frameworks/OpenCL.framework/Versions/A/Libraries/ImageFormats/unorm8_rgba.dylib
0x000000012125a000 	/Library/Java/JavaVirtualMachines/jdk1.8.0_45.jdk/Contents/Home/jre/lib/libprism_common.dylib
0x0000000000000000 	/System/Library/Extensions/GeForceMTLDriver.bundle/Contents/MacOS/GeForceMTLDriver
0x0000000120e75000 	/System/Library/Frameworks/Security.framework/PlugIns/csparser.bundle/Contents/MacOS/csparser
0x000000000aff7000 	/System/Library/PrivateFrameworks/FinderKit.framework/Versions/A/FinderKit
0x000000000aff7000 	/System/Library/Frameworks/Quartz.framework/Versions/A/Frameworks/QuickLookUI.framework/Versions/A/QuickLookUI
0x000000000aff7000 	/System/Library/Frameworks/Quartz.framework/Versions/A/Frameworks/ImageKit.framework/Versions/A/ImageKit
0x000000000aff7000 	/System/Library/PrivateFrameworks/Bom.framework/Versions/A/Bom
0x000000000aff7000 	/System/Library/Frameworks/QuickLook.framework/Versions/A/QuickLook
0x000000000aff7000 	/System/Library/PrivateFrameworks/Suggestions.framework/Versions/A/Suggestions
0x000000000aff7000 	/System/Library/PrivateFrameworks/AppleSystemInfo.framework/Versions/A/AppleSystemInfo
0x000000000aff7000 	/System/Library/Frameworks/ImageCaptureCore.framework/Versions/A/ImageCaptureCore
0x000000000aff7000 	/System/Library/PrivateFrameworks/SafariServices.framework/Versions/A/SafariServices
0x000000000aff7000 	/usr/lib/libspindump.dylib
0x000000000aff7000 	/System/Library/Frameworks/QTKit.framework/Versions/A/QTKit
0x000000000aff7000 	/System/Library/Frameworks/AVFoundation.framework/Versions/A/AVFoundation
0x000000000aff7000 	/System/Library/Frameworks/CoreMedia.framework/Versions/A/CoreMedia
0x000000000aff7000 	/System/Library/Frameworks/MediaToolbox.framework/Versions/A/MediaToolbox
0x000000000aff7000 	/System/Library/Frameworks/VideoToolbox.framework/Versions/A/VideoToolbox
0x000000000aff7000 	/System/Library/PrivateFrameworks/CoreMediaAuthoring.framework/Versions/A/CoreMediaAuthoring
0x000000000aff7000 	/System/Library/Frameworks/CoreMediaIO.framework/Versions/A/CoreMediaIO
0x000000000aff7000 	/System/Library/Frameworks/AVFoundation.framework/Versions/A/Resources/libAVFAudio.dylib
0x000000000aff7000 	/System/Library/PrivateFrameworks/CoreAVCHD.framework/Versions/A/CoreAVCHD
0x000000000aff7000 	/System/Library/Frameworks/MediaAccessibility.framework/Versions/A/MediaAccessibility
0x000000000aff7000 	/System/Library/PrivateFrameworks/Mangrove.framework/Versions/A/Mangrove
0x000000000aff7000 	/System/Library/PrivateFrameworks/CoreAUC.framework/Versions/A/CoreAUC
0x000000000aff7000 	/System/Library/PrivateFrameworks/AppleVA.framework/Versions/A/AppleVA
0x000000000aff7000 	/System/Library/PrivateFrameworks/XPCService.framework/Versions/A/XPCService
0x000000000aff7000 	/System/Library/PrivateFrameworks/AppSandbox.framework/Versions/A/AppSandbox
0x000000000aff7000 	/usr/lib/libsandbox.1.dylib
0x000000000aff7000 	/usr/lib/libMatch.1.dylib
0x000000000aff7000 	/System/Library/PrivateFrameworks/DisplayServices.framework/Versions/A/DisplayServices
0x000000000aff7000 	/System/Library/Frameworks/Quartz.framework/Versions/A/Frameworks/PDFKit.framework/Versions/A/PDFKit
0x000000000aff7000 	/System/Library/Frameworks/Quartz.framework/Versions/A/Frameworks/QuartzComposer.framework/Versions/A/QuartzComposer
0x000000000aff7000 	/System/Library/Frameworks/Quartz.framework/Versions/A/Frameworks/QuartzFilters.framework/Versions/A/QuartzFilters
0x000000000aff7000 	/System/Library/PrivateFrameworks/CorePDF.framework/Versions/A/CorePDF
0x000000000aff7000 	/System/Library/Frameworks/JavaScriptCore.framework/Versions/A/JavaScriptCore
0x000000000aff7000 	/System/Library/PrivateFrameworks/AppleFSCompression.framework/Versions/A/AppleFSCompression
0x000000000aff7000 	/System/Library/Frameworks/AddressBook.framework/Versions/A/AddressBook
0x000000000aff7000 	/System/Library/PrivateFrameworks/ContactsPersistence.framework/Versions/A/ContactsPersistence
0x000000000aff7000 	/System/Library/PrivateFrameworks/ContactsFoundation.framework/Versions/A/ContactsFoundation
0x000000000aff7000 	/System/Library/PrivateFrameworks/vCard.framework/Versions/A/vCard
0x000000000aff7000 	/System/Library/PrivateFrameworks/IntlPreferences.framework/Versions/A/IntlPreferences
0x000000000aff7000 	/System/Library/PrivateFrameworks/ToneLibrary.framework/Versions/A/ToneLibrary
0x000000000aff7000 	/System/Library/PrivateFrameworks/ToneKit.framework/Versions/A/ToneKit
0x000000000aff7000 	/System/Library/PrivateFrameworks/ApplePushService.framework/Versions/A/ApplePushService
0x000000000aff7000 	/System/Library/Frameworks/SecurityInterface.framework/Versions/A/SecurityInterface
0x000000000aff7000 	/System/Library/PrivateFrameworks/PhoneNumbers.framework/Versions/A/PhoneNumbers
0x000000000aff7000 	/System/Library/PrivateFrameworks/ViewBridge.framework/Versions/A/ViewBridge
0x000000000aff7000 	/System/Library/Frameworks/Quartz.framework/Versions/A/Quartz
0x000000000aff7000 	/System/Library/PrivateFrameworks/CloudDocs.framework/Versions/A/CloudDocs
0x000000000aff7000 	/System/Library/PrivateFrameworks/CoreDuet.framework/Versions/A/CoreDuet
0x000000000aff7000 	/System/Library/Frameworks/CloudKit.framework/Versions/A/CloudKit
0x000000000aff7000 	/System/Library/PrivateFrameworks/ProtocolBuffer.framework/Versions/A/ProtocolBuffer
0x000000000aff7000 	/System/Library/PrivateFrameworks/CoreDuetDaemonProtocol.framework/Versions/A/CoreDuetDaemonProtocol
0x000000000aff7000 	/System/Library/PrivateFrameworks/CoreDuetDebugLogging.framework/Versions/A/CoreDuetDebugLogging
0x000000000aff7000 	/System/Library/Frameworks/Contacts.framework/Versions/A/Contacts
0x000000000aff7000 	/System/Library/PrivateFrameworks/MMCS.framework/Versions/A/MMCS
0x000000000aff7000 	/System/Library/Frameworks/CoreLocation.framework/Versions/A/CoreLocation
0x000000000aff7000 	/System/Library/Frameworks/Accounts.framework/Versions/A/Accounts
0x000000000aff7000 	/System/Library/PrivateFrameworks/OAuth.framework/Versions/A/OAuth
0x000000000aff7000 	/System/Library/PrivateFrameworks/AssetCacheServices.framework/Versions/A/AssetCacheServices
0x000000000aff7000 	/System/Library/PrivateFrameworks/GeoServices.framework/Versions/A/GeoServices
0x000000000aff7000 	/System/Library/PrivateFrameworks/PlugInKit.framework/Versions/A/PlugInKit
0x000000000aff7000 	/System/Library/PrivateFrameworks/CacheDelete.framework/Versions/A/CacheDelete
0x000000000aff7000 	/System/Library/PrivateFrameworks/iLifeMediaBrowser.framework/Versions/A/iLifeMediaBrowser
0x000000000aff7000 	/System/Library/Frameworks/AVKit.framework/Versions/A/AVKit
0x0000000127ade000 	/Library/Java/JavaVirtualMachines/jdk1.8.0_45.jdk/Contents/Home/jre/lib/libawt.dylib
0x0000000128c2b000 	/Library/Java/JavaVirtualMachines/jdk1.8.0_45.jdk/Contents/Home/jre/lib/./libmlib_image.dylib
0x00000001285a1000 	/Library/Java/JavaVirtualMachines/jdk1.8.0_45.jdk/Contents/Home/jre/lib/libawt_lwawt.dylib
0x000000011ee2b000 	/Library/Java/JavaVirtualMachines/jdk1.8.0_45.jdk/Contents/Home/jre/lib/./libosxapp.dylib
0x000000000aff7000 	/System/Library/Frameworks/ExceptionHandling.framework/Versions/A/ExceptionHandling

VM Arguments:
jvm_args: -Dfile.encoding=UTF-8 
java_command: /Users/leobel/projects/java/Cabot/dist/run1014430759/Cabot.jar
java_class_path (initial): /Users/leobel/projects/java/Cabot/dist/run1014430759/Cabot.jar
Launcher Type: SUN_STANDARD

Environment Variables:
PATH=/usr/bin:/bin:/usr/sbin:/sbin
LD_LIBRARY_PATH=/Library/Java/JavaVirtualMachines/jdk1.8.0_45.jdk/Contents/Home/jre/lib/amd64:/Library/Java/JavaVirtualMachines/jdk1.8.0_45.jdk/Contents/Home/jre/lib/i386:
SHELL=/bin/bash

Signal Handlers:
SIGSEGV: [libjvm.dylib+0x58ef95], sa_mask[0]=11111111011111110111111111111111, sa_flags=SA_ONSTACK|SA_RESTART|SA_SIGINFO
SIGBUS: [libjvm.dylib+0x58ef95], sa_mask[0]=11111111011111110111111111111111, sa_flags=SA_RESTART|SA_SIGINFO
SIGFPE: [libjvm.dylib+0x46c108], sa_mask[0]=11111111011111110111111111111111, sa_flags=SA_RESTART|SA_SIGINFO
SIGPIPE: [libjvm.dylib+0x46c108], sa_mask[0]=11111111011111110111111111111111, sa_flags=SA_RESTART|SA_SIGINFO
SIGXFSZ: [libjvm.dylib+0x46c108], sa_mask[0]=11111111011111110111111111111111, sa_flags=SA_RESTART|SA_SIGINFO
SIGILL: [libjvm.dylib+0x46c108], sa_mask[0]=11111111011111110111111111111111, sa_flags=SA_RESTART|SA_SIGINFO
SIGUSR1: SIG_DFL, sa_mask[0]=00000000000000000000000000000000, sa_flags=none
SIGUSR2: [libjvm.dylib+0x46bc26], sa_mask[0]=00100000000000000000000000000000, sa_flags=SA_RESTART|SA_SIGINFO
SIGHUP: [libjvm.dylib+0x46a1f9], sa_mask[0]=11111111011111110111111111111111, sa_flags=SA_RESTART|SA_SIGINFO
SIGINT: SIG_IGN, sa_mask[0]=00000000000000000000000000000000, sa_flags=none
SIGTERM: [libjvm.dylib+0x46a1f9], sa_mask[0]=11111111011111110111111111111111, sa_flags=SA_RESTART|SA_SIGINFO
SIGQUIT: [libjvm.dylib+0x46a1f9], sa_mask[0]=11111111011111110111111111111111, sa_flags=SA_RESTART|SA_SIGINFO


---------------  S Y S T E M  ---------------

OS:Bsduname:Darwin 15.0.0 Darwin Kernel Version 15.0.0: Wed Aug 26 16:57:32 PDT 2015; root:xnu-3247.1.106~1/RELEASE_X86_64 x86_64
rlimit: STACK 8192k, CORE 0k, NPROC 709, NOFILE 10240, AS infinity
load average:2.93 2.85 2.70

CPU:total 4 (4 cores per cpu, 1 threads per core) family 6 model 60 stepping 3, cmov, cx8, fxsr, mmx, sse, sse2, sse3, ssse3, sse4.1, sse4.2, popcnt, avx, avx2, aes, clmul, erms, rtm, lzcnt, tsc, tscinvbit, bmi1, bmi2

Memory: 4k page, physical 8388608k(46548k free)

/proc/meminfo:


vm_info: Java HotSpot(TM) 64-Bit Server VM (25.45-b02) for bsd-amd64 JRE (1.8.0_45-b14), built on Apr 10 2015 10:46:38 by "java_re" with gcc 4.2.1 (Based on Apple Inc. build 5658) (LLVM build 2336.11.00)

time: Sat May 14 17:22:11 2016
elapsed time: 649 seconds (0d 0h 10m 49s)

